c:\users\student\desktop\sophomore\swimminggame\mydxlibgame3d\debug\vc142.pdb
c:\users\student\desktop\sophomore\swimminggame\mydxlibgame3d\debug\vc142.idb
c:\users\student\desktop\sophomore\swimminggame\mydxlibgame3d\debug\tutorial.obj
c:\users\student\desktop\sophomore\swimminggame\mydxlibgame3d\debug\title.obj
c:\users\student\desktop\sophomore\swimminggame\mydxlibgame3d\debug\timing.obj
c:\users\student\desktop\sophomore\swimminggame\mydxlibgame3d\debug\time.obj
c:\users\student\desktop\sophomore\swimminggame\mydxlibgame3d\debug\sound.obj
c:\users\student\desktop\sophomore\swimminggame\mydxlibgame3d\debug\score.obj
c:\users\student\desktop\sophomore\swimminggame\mydxlibgame3d\debug\scenemanager.obj
c:\users\student\desktop\sophomore\swimminggame\mydxlibgame3d\debug\result.obj
c:\users\student\desktop\sophomore\swimminggame\mydxlibgame3d\debug\pool.obj
c:\users\student\desktop\sophomore\swimminggame\mydxlibgame3d\debug\play.obj
c:\users\student\desktop\sophomore\swimminggame\mydxlibgame3d\debug\main.obj
c:\users\student\desktop\sophomore\swimminggame\mydxlibgame3d\debug\jump.obj
c:\users\student\desktop\sophomore\swimminggame\mydxlibgame3d\debug\input.obj
c:\users\student\desktop\sophomore\swimminggame\mydxlibgame3d\debug\hitchecker.obj
c:\users\student\desktop\sophomore\swimminggame\mydxlibgame3d\debug\fishmanager.obj
c:\users\student\desktop\sophomore\swimminggame\mydxlibgame3d\debug\fishbase.obj
c:\users\student\desktop\sophomore\swimminggame\mydxlibgame3d\debug\fish.obj
c:\users\student\desktop\sophomore\swimminggame\mydxlibgame3d\debug\fade.obj
c:\users\student\desktop\sophomore\swimminggame\mydxlibgame3d\debug\camera.obj
c:\users\student\desktop\sophomore\swimminggame\mydxlibgame3d\debug\background.obj
c:\users\student\desktop\sophomore\swimminggame\mydxlibgame3d\debug\uibase.obj
c:\users\student\desktop\sophomore\swimminggame\mydxlibgame3d\debug\scenebase.obj
c:\users\student\desktop\sophomore\swimminggame\debug\mydxlibgame3d.pdb
c:\users\student\desktop\sophomore\swimminggame\debug\mydxlibgame3d.exe
c:\users\student\desktop\sophomore\swimminggame\debug\mydxlibgame3d.ilk
c:\users\student\desktop\sophomore\swimminggame\mydxlibgame3d\debug\mydxlibgame3d.tlog\cl.command.1.tlog
c:\users\student\desktop\sophomore\swimminggame\mydxlibgame3d\debug\mydxlibgame3d.tlog\cl.read.1.tlog
c:\users\student\desktop\sophomore\swimminggame\mydxlibgame3d\debug\mydxlibgame3d.tlog\cl.write.1.tlog
c:\users\student\desktop\sophomore\swimminggame\mydxlibgame3d\debug\mydxlibgame3d.tlog\link.command.1.tlog
c:\users\student\desktop\sophomore\swimminggame\mydxlibgame3d\debug\mydxlibgame3d.tlog\link.read.1.tlog
c:\users\student\desktop\sophomore\swimminggame\mydxlibgame3d\debug\mydxlibgame3d.tlog\link.write.1.tlog
